
! 11-Nov-2002 21:30:57 - SYSTEM Start-up                              
! 11-Nov-2002 21:30:57 - Config file not found: assuming nlmake.ctl
! 11-Nov-2002 21:30:57 - nlmake.ctl config file not found
! 11-Nov-2002 21:30:57 - ABORT -- Errors in Command line              
! 11-Nov-2002 21:30:57 - SYSTEM Finish                                

! 11-Nov-2002 21:35:13 - SYSTEM Start-up                              
! 11-Nov-2002 21:35:13 - Config file not found: assuming nlmake.ctl
! 11-Nov-2002 21:35:13 - nlmake.ctl config file not found
! 11-Nov-2002 21:35:13 - ABORT -- Errors in Command line              
! 11-Nov-2002 21:35:13 - SYSTEM Finish                                

! 11-Nov-2002 21:36:03 - SYSTEM Start-up                              
! 11-Nov-2002 21:36:03 - Config file not found: assuming nlmake.ctl
! 11-Nov-2002 21:36:03 - nlmake.ctl config file not found
! 11-Nov-2002 21:36:03 - ABORT -- Errors in Command line              
! 11-Nov-2002 21:36:03 - SYSTEM Finish                                

! 11-Nov-2002 21:37:06 - SYSTEM Start-up                              
! 11-Nov-2002 21:37:06 - Config file not found: assuming nlmake.ctl
! 11-Nov-2002 21:37:06 - nlmake.ctl config file not found
! 11-Nov-2002 21:37:06 - ABORT -- Errors in Command line              
! 11-Nov-2002 21:37:06 - SYSTEM Finish                                

! 11-Nov-2002 21:44:46 - SYSTEM Start-up                              
! 11-Nov-2002 21:44:46 - Config file not found: assuming nlmake.ctl
! 11-Nov-2002 21:44:46 - nlmake.ctl config file not found
! 11-Nov-2002 21:44:46 - ABORT -- Errors in Command line              
! 11-Nov-2002 21:44:46 - SYSTEM Finish                                

! 11-Nov-2002 21:50:20 - SYSTEM Start-up                              
! 11-Nov-2002 21:50:20 - Config file not found: assuming nlmake.ctl
! 11-Nov-2002 21:50:20 - nlmake.ctl config file not found
! 11-Nov-2002 21:50:20 - ABORT -- Errors in Command line              
! 11-Nov-2002 21:50:20 - SYSTEM Finish                                

! 11-Nov-2002 21:52:03 - SYSTEM Start-up                              
! 11-Nov-2002 21:52:03 - Config file not found: assuming nlmake.ctl
! 11-Nov-2002 21:52:03 - nlmake.ctl config file not found
! 11-Nov-2002 21:52:03 - ABORT -- Errors in Command line              
! 11-Nov-2002 21:52:03 - SYSTEM Finish                                

! 11-Nov-2002 21:52:21 - SYSTEM Start-up                              
! 11-Nov-2002 21:52:21 - Config file not found: assuming nlmake.ctl
! 11-Nov-2002 21:52:21 - nlmake.ctl config file not found
! 11-Nov-2002 21:52:21 - ABORT -- Errors in Command line              
! 11-Nov-2002 21:52:21 - SYSTEM Finish                                

! 11-Nov-2002 21:52:26 - SYSTEM Start-up                              
! 11-Nov-2002 21:52:26 - Config file not found: assuming nlmake.ctl
! 11-Nov-2002 21:52:26 - nlmake.ctl config file not found
! 11-Nov-2002 21:52:26 - ABORT -- Errors in Command line              
! 11-Nov-2002 21:52:26 - SYSTEM Finish                                

! 11-Nov-2002 21:53:05 - SYSTEM Start-up                              
! 11-Nov-2002 21:53:05 - Config file not found: assuming nlmake.ctl
! 11-Nov-2002 21:53:05 - nlmake.ctl config file not found
! 11-Nov-2002 21:53:05 - ABORT -- Errors in Command line              
! 11-Nov-2002 21:53:05 - SYSTEM Finish                                

! 11-Nov-2002 21:53:24 - SYSTEM Start-up                              
! 11-Nov-2002 21:53:24 - Config file not found: assuming nlmake.ctl
! 11-Nov-2002 21:53:24 - nlmake.ctl config file not found
! 11-Nov-2002 21:53:24 - ABORT -- Errors in Command line              
! 11-Nov-2002 21:53:24 - SYSTEM Finish                                

! 11-Nov-2002 21:53:31 - SYSTEM Start-up                              
! 11-Nov-2002 21:53:31 - Config file not found: assuming nlmake.ctl
! 11-Nov-2002 21:53:31 - nlmake.ctl config file not found
! 11-Nov-2002 21:53:31 - ABORT -- Errors in Command line              
! 11-Nov-2002 21:53:31 - SYSTEM Finish                                

! 11-Nov-2002 21:54:32 - SYSTEM Start-up                              
! 11-Nov-2002 21:54:32 - Config file not found: assuming nlmake.ctl
! 11-Nov-2002 21:54:32 - nlmake.ctl config file not found
! 11-Nov-2002 21:54:32 - ABORT -- Errors in Command line              
! 11-Nov-2002 21:54:32 - SYSTEM Finish                                

! 11-Nov-2002 21:54:53 - SYSTEM Start-up                              
! 11-Nov-2002 21:54:53 - Config file not found: assuming nlmake.ctl
! 11-Nov-2002 21:54:53 - nlmake.ctl config file not found
! 11-Nov-2002 21:54:53 - ABORT -- Errors in Command line              
! 11-Nov-2002 21:54:53 - SYSTEM Finish                                

! 11-Nov-2002 22:00:21 - SYSTEM Start-up                              
! 11-Nov-2002 22:00:21 - Config file not found: assuming nlmake.ctl
! 11-Nov-2002 22:00:21 - nlmake.ctl config file not found
! 11-Nov-2002 22:00:21 - ABORT -- Errors in Command line              
! 11-Nov-2002 22:00:21 - SYSTEM Finish                                

! 11-Nov-2002 22:01:14 - SYSTEM Start-up                              
! 11-Nov-2002 22:01:14 - Config file not found: assuming nlmake.ctl
! 11-Nov-2002 22:01:14 - nlmake.ctl config file not found
! 11-Nov-2002 22:01:14 - ABORT -- Errors in Command line              
! 11-Nov-2002 22:01:14 - SYSTEM Finish                                
